::1 - - [01/Feb/2023:10:31:14 +0000] "GET / HTTP/1.1" 404 139 "-" "Mozilla/5.0 (Windows NT 10.0; Win64; x64) AppleWebKit/537.36 (KHTML, like Gecko) Chrome/109.0.0.0 Safari/537.36"
::1 - - [01/Feb/2023:10:31:22 +0000] "POST / HTTP/1.1" 404 140 "-" "PostmanRuntime/7.30.1"
::1 - - [01/Feb/2023:10:33:25 +0000] "POST /api/user/sign-up HTTP/1.1" 500 56 "-" "PostmanRuntime/7.30.1"
::1 - - [01/Feb/2023:10:36:00 +0000] "POST /api/user/sign-up HTTP/1.1" 201 202 "-" "PostmanRuntime/7.30.1"
::1 - - [01/Feb/2023:10:36:30 +0000] "POST /api/user/sign-up HTTP/1.1" 201 203 "-" "PostmanRuntime/7.30.1"
::1 - - [01/Feb/2023:10:36:37 +0000] "POST /api/user/sign-up HTTP/1.1" 201 204 "-" "PostmanRuntime/7.30.1"
::1 - - [01/Feb/2023:10:37:44 +0000] "POST /api/user/sign-up HTTP/1.1" 500 109 "-" "PostmanRuntime/7.30.1"
::1 - - [01/Feb/2023:10:37:57 +0000] "POST /api/user/sign-up HTTP/1.1" 201 202 "-" "PostmanRuntime/7.30.1"
::1 - - [01/Feb/2023:10:38:14 +0000] "POST /api/user/sign-up HTTP/1.1" 400 1083 "-" "PostmanRuntime/7.30.1"
::1 - - [01/Feb/2023:10:38:21 +0000] "POST /api/user/sign-up HTTP/1.1" 201 201 "-" "PostmanRuntime/7.30.1"
::1 - - [01/Feb/2023:10:39:30 +0000] "POST /api/user/sign-up HTTP/1.1" 201 203 "-" "PostmanRuntime/7.30.1"
::1 - - [01/Feb/2023:10:47:17 +0000] "POST /api/user/sign-up HTTP/1.1" 201 204 "-" "PostmanRuntime/7.30.1"
::1 - - [01/Feb/2023:10:58:12 +0000] "POST /api/user/sign-up HTTP/1.1" 201 248 "-" "PostmanRuntime/7.30.1"
::1 - - [01/Feb/2023:10:59:13 +0000] "POST /api/user/login HTTP/1.1" 500 57 "-" "PostmanRuntime/7.30.1"
::1 - - [01/Feb/2023:11:00:15 +0000] "POST /api/user/login HTTP/1.1" 500 57 "-" "PostmanRuntime/7.30.1"
::1 - - [01/Feb/2023:11:01:51 +0000] "POST /api/user/login HTTP/1.1" 200 256 "-" "PostmanRuntime/7.30.1"
::1 - - [01/Feb/2023:11:02:29 +0000] "POST /api/user/login HTTP/1.1" 200 83 "-" "PostmanRuntime/7.30.1"
::1 - - [01/Feb/2023:11:03:48 +0000] "POST /api/user/login HTTP/1.1" 200 83 "-" "PostmanRuntime/7.30.1"
::1 - - [01/Feb/2023:11:04:11 +0000] "POST /api/user/login HTTP/1.1" 200 49 "-" "PostmanRuntime/7.30.1"
::1 - - [01/Feb/2023:11:08:30 +0000] "POST /api/user/sign-up HTTP/1.1" 201 247 "-" "PostmanRuntime/7.30.1"
::1 - - [01/Feb/2023:11:08:59 +0000] "POST /api/user/sign-up HTTP/1.1" 400 1083 "-" "PostmanRuntime/7.30.1"
::1 - - [01/Feb/2023:11:09:11 +0000] "POST /api/user/sign-up HTTP/1.1" 201 245 "-" "PostmanRuntime/7.30.1"
::1 - - [01/Feb/2023:11:09:41 +0000] "POST /api/user/login HTTP/1.1" 500 46 "-" "PostmanRuntime/7.30.1"
::1 - - [01/Feb/2023:11:09:51 +0000] "POST /api/user/login HTTP/1.1" 500 47 "-" "PostmanRuntime/7.30.1"
::1 - - [01/Feb/2023:11:10:23 +0000] "POST /api/user/login HTTP/1.1" 500 - "-" "PostmanRuntime/7.30.1"
::1 - - [01/Feb/2023:11:10:52 +0000] "POST /api/user/login HTTP/1.1" 201 492 "-" "PostmanRuntime/7.30.1"
::1 - - [01/Feb/2023:11:20:02 +0000] "POST /api/user/buy HTTP/1.1" 200 82 "-" "PostmanRuntime/7.30.1"
::1 - - [01/Feb/2023:11:26:41 +0000] "POST /api/user/buy HTTP/1.1" 201 282 "-" "PostmanRuntime/7.30.1"
::1 - - [01/Feb/2023:11:26:57 +0000] "POST /api/user/buy HTTP/1.1" 201 282 "-" "PostmanRuntime/7.30.1"
::1 - - [03/Feb/2023:08:09:04 +0000] "POST /api/user/sell HTTP/1.1" 201 282 "-" "PostmanRuntime/7.30.1"
::1 - - [03/Feb/2023:08:09:10 +0000] "POST /api/user/sell HTTP/1.1" 201 281 "-" "PostmanRuntime/7.30.1"
::1 - - [03/Feb/2023:08:18:50 +0000] "POST /api/user/buy HTTP/1.1" 200 82 "-" "PostmanRuntime/7.30.1"
::1 - - [03/Feb/2023:08:37:06 +0000] "POST /api/user/buy HTTP/1.1" 500 81 "-" "PostmanRuntime/7.30.1"
::1 - - [03/Feb/2023:08:38:20 +0000] "POST /api/user/sign-up HTTP/1.1" 201 247 "-" "PostmanRuntime/7.30.1"
::1 - - [03/Feb/2023:08:38:49 +0000] "POST /api/user/sign-up HTTP/1.1" 201 245 "-" "PostmanRuntime/7.30.1"
::1 - - [03/Feb/2023:08:39:02 +0000] "POST /api/user/login HTTP/1.1" 201 492 "-" "PostmanRuntime/7.30.1"
::1 - - [03/Feb/2023:08:41:20 +0000] "GET /api/fund HTTP/1.1" 404 43 "-" "PostmanRuntime/7.30.1"
::1 - - [03/Feb/2023:08:42:01 +0000] "GET /api/fund HTTP/1.1" 500 41 "-" "PostmanRuntime/7.30.1"
::1 - - [03/Feb/2023:09:25:41 +0000] "POST /api/fund HTTP/1.1" 500 41 "-" "PostmanRuntime/7.30.1"
::1 - - [03/Feb/2023:09:26:30 +0000] "POST /api/fund HTTP/1.1" 500 41 "-" "PostmanRuntime/7.30.1"
::1 - - [03/Feb/2023:09:27:00 +0000] "POST /api/fund HTTP/1.1" 500 41 "-" "PostmanRuntime/7.30.1"
::1 - - [03/Feb/2023:09:28:05 +0000] "POST /api/fund HTTP/1.1" 500 41 "-" "PostmanRuntime/7.30.1"
::1 - - [03/Feb/2023:09:28:36 +0000] "POST /api/fund HTTP/1.1" 500 41 "-" "PostmanRuntime/7.30.1"
::1 - - [03/Feb/2023:09:30:37 +0000] "POST /api/fund HTTP/1.1" 500 41 "-" "PostmanRuntime/7.30.1"
::1 - - [03/Feb/2023:09:30:54 +0000] "POST /api/user/buy HTTP/1.1" 500 81 "-" "PostmanRuntime/7.30.1"
::1 - - [03/Feb/2023:09:31:50 +0000] "POST /api/fund HTTP/1.1" 201 557 "-" "PostmanRuntime/7.30.1"
::1 - - [03/Feb/2023:09:32:24 +0000] "POST /api/fund HTTP/1.1" 500 185 "-" "PostmanRuntime/7.30.1"
::1 - - [03/Feb/2023:09:38:47 +0000] "PATCH /api/fund HTTP/1.1" 200 39 "-" "PostmanRuntime/7.30.1"
::1 - - [03/Feb/2023:09:39:32 +0000] "PATCH /api/fund HTTP/1.1" 200 255 "-" "PostmanRuntime/7.30.1"
::1 - - [03/Feb/2023:09:40:12 +0000] "PATCH /api/fund HTTP/1.1" 400 1083 "-" "PostmanRuntime/7.30.1"
::1 - - [03/Feb/2023:09:40:15 +0000] "PATCH /api/fund HTTP/1.1" 200 38 "-" "PostmanRuntime/7.30.1"
::1 - - [03/Feb/2023:09:41:12 +0000] "PATCH /api/fund HTTP/1.1" 200 38 "-" "PostmanRuntime/7.30.1"
::1 - - [03/Feb/2023:09:45:25 +0000] "PATCH /api/fund HTTP/1.1" 200 13 "-" "PostmanRuntime/7.30.1"
::1 - - [03/Feb/2023:09:46:01 +0000] "PATCH /api/fund HTTP/1.1" 200 13 "-" "PostmanRuntime/7.30.1"
::1 - - [03/Feb/2023:09:49:48 +0000] "PATCH /api/fund HTTP/1.1" 200 20 "-" "PostmanRuntime/7.30.1"
::1 - - [03/Feb/2023:09:50:15 +0000] "PATCH /api/fund HTTP/1.1" 200 2 "-" "PostmanRuntime/7.30.1"
::1 - - [03/Feb/2023:09:55:44 +0000] "PATCH /api/fund HTTP/1.1" 500 53 "-" "PostmanRuntime/7.30.1"
::1 - - [03/Feb/2023:09:55:50 +0000] "PATCH /api/fund HTTP/1.1" 500 52 "-" "PostmanRuntime/7.30.1"
::1 - - [03/Feb/2023:09:56:03 +0000] "GET /api/fund HTTP/1.1" 201 599 "-" "PostmanRuntime/7.30.1"
::1 - - [03/Feb/2023:09:56:30 +0000] "PATCH /api/fund HTTP/1.1" 500 54 "-" "PostmanRuntime/7.30.1"
::1 - - [03/Feb/2023:09:56:44 +0000] "PATCH /api/fund HTTP/1.1" 201 559 "-" "PostmanRuntime/7.30.1"
::1 - - [03/Feb/2023:09:56:55 +0000] "PATCH /api/fund HTTP/1.1" 201 32 "-" "PostmanRuntime/7.30.1"
::1 - - [03/Feb/2023:09:58:23 +0000] "PATCH /api/fund HTTP/1.1" 201 32 "-" "PostmanRuntime/7.30.1"
::1 - - [03/Feb/2023:09:58:36 +0000] "PATCH /api/fund HTTP/1.1" 500 53 "-" "PostmanRuntime/7.30.1"
::1 - - [03/Feb/2023:09:58:49 +0000] "PATCH /api/fund HTTP/1.1" 201 559 "-" "PostmanRuntime/7.30.1"
::1 - - [03/Feb/2023:10:25:45 +0000] "GET /api/invest HTTP/1.1" 500 41 "-" "PostmanRuntime/7.30.1"
::1 - - [03/Feb/2023:10:29:26 +0000] "GET /api/fund HTTP/1.1" 201 601 "-" "PostmanRuntime/7.30.1"
::1 - - [03/Feb/2023:10:30:15 +0000] "POST /api/invest HTTP/1.1" 500 47 "-" "PostmanRuntime/7.30.1"
::1 - - [03/Feb/2023:10:31:09 +0000] "POST /api/invest HTTP/1.1" 201 278 "-" "PostmanRuntime/7.30.1"
::1 - - [03/Feb/2023:10:31:16 +0000] "GET /api/fund HTTP/1.1" 201 601 "-" "PostmanRuntime/7.30.1"
::1 - - [03/Feb/2023:10:43:49 +0000] "POST /api/invest HTTP/1.1" 201 278 "-" "PostmanRuntime/7.30.1"
::1 - - [03/Feb/2023:10:46:10 +0000] "GET /api/fund HTTP/1.1" 201 623 "-" "PostmanRuntime/7.30.1"
::1 - - [03/Feb/2023:10:47:51 +0000] "POST /api/invest HTTP/1.1" 500 90 "-" "PostmanRuntime/7.30.1"
::1 - - [03/Feb/2023:10:51:11 +0000] "PATCH /api/fund HTTP/1.1" 500 52 "-" "PostmanRuntime/7.30.1"
::1 - - [03/Feb/2023:10:52:13 +0000] "PATCH /api/invest HTTP/1.1" 500 53 "-" "PostmanRuntime/7.30.1"
::1 - - [03/Feb/2023:10:52:30 +0000] "GET /api/invest HTTP/1.1" 201 571 "-" "PostmanRuntime/7.30.1"
::1 - - [03/Feb/2023:10:53:02 +0000] "PATCH /api/invest HTTP/1.1" 201 277 "-" "PostmanRuntime/7.30.1"
::1 - - [03/Feb/2023:10:53:08 +0000] "PATCH /api/invest HTTP/1.1" 500 53 "-" "PostmanRuntime/7.30.1"
::1 - - [03/Feb/2023:10:53:12 +0000] "PATCH /api/invest HTTP/1.1" 201 277 "-" "PostmanRuntime/7.30.1"
::1 - - [03/Feb/2023:11:40:14 +0000] "GET /api/fund HTTP/1.1" 201 623 "-" "PostmanRuntime/7.30.1"
::1 - - [03/Feb/2023:11:44:34 +0000] "POST /api/user/buy HTTP/1.1" 500 81 "-" "PostmanRuntime/7.30.1"
::1 - - [03/Feb/2023:11:46:30 +0000] "POST /api/user/buy HTTP/1.1" 500 81 "-" "PostmanRuntime/7.30.1"
::1 - - [03/Feb/2023:11:48:02 +0000] "POST /api/user/buy HTTP/1.1" 500 81 "-" "PostmanRuntime/7.30.1"
::1 - - [03/Feb/2023:11:48:23 +0000] "POST /api/user/buy HTTP/1.1" 500 81 "-" "PostmanRuntime/7.30.1"
::1 - - [03/Feb/2023:11:49:18 +0000] "POST /api/user/buy HTTP/1.1" 500 52 "-" "PostmanRuntime/7.30.1"
::1 - - [03/Feb/2023:11:51:13 +0000] "POST /api/user/buy HTTP/1.1" 500 56 "-" "PostmanRuntime/7.30.1"
::1 - - [03/Feb/2023:11:52:26 +0000] "POST /api/user/buy HTTP/1.1" - - "-" "PostmanRuntime/7.30.1"
::1 - - [03/Feb/2023:11:53:16 +0000] "GET /api/fund HTTP/1.1" 201 623 "-" "PostmanRuntime/7.30.1"
::1 - - [03/Feb/2023:11:53:20 +0000] "GET /api/invest HTTP/1.1" 201 572 "-" "PostmanRuntime/7.30.1"
::1 - - [03/Feb/2023:11:54:17 +0000] "POST /api/user/buy HTTP/1.1" 500 84 "-" "PostmanRuntime/7.30.1"
::1 - - [03/Feb/2023:11:54:58 +0000] "POST /api/user/buy HTTP/1.1" 500 84 "-" "PostmanRuntime/7.30.1"
::1 - - [03/Feb/2023:11:56:52 +0000] "POST /api/user/buy HTTP/1.1" 500 84 "-" "PostmanRuntime/7.30.1"
::1 - - [03/Feb/2023:11:57:03 +0000] "POST /api/user/buy HTTP/1.1" 500 84 "-" "PostmanRuntime/7.30.1"
::1 - - [03/Feb/2023:11:58:04 +0000] "POST /api/user/buy HTTP/1.1" 500 81 "-" "PostmanRuntime/7.30.1"
::1 - - [03/Feb/2023:11:59:04 +0000] "POST /api/invest HTTP/1.1" 500 90 "-" "PostmanRuntime/7.30.1"
::1 - - [03/Feb/2023:12:00:13 +0000] "POST /api/invest HTTP/1.1" 201 278 "-" "PostmanRuntime/7.30.1"
::1 - - [03/Feb/2023:16:00:20 +0000] "POST /api/user/buy HTTP/1.1" - - "-" "PostmanRuntime/7.30.1"
::1 - - [03/Feb/2023:16:01:21 +0000] "POST /api/user/buy HTTP/1.1" - - "-" "PostmanRuntime/7.30.1"
::1 - - [03/Feb/2023:16:01:42 +0000] "POST /api/user/buy HTTP/1.1" - - "-" "PostmanRuntime/7.30.1"
::1 - - [03/Feb/2023:16:02:07 +0000] "POST /api/user/buy HTTP/1.1" - - "-" "PostmanRuntime/7.30.1"
::1 - - [03/Feb/2023:16:02:34 +0000] "POST /api/user/buy HTTP/1.1" - - "-" "PostmanRuntime/7.30.1"
::1 - - [03/Feb/2023:16:03:03 +0000] "POST /api/user/buy HTTP/1.1" - - "-" "PostmanRuntime/7.30.1"
::1 - - [03/Feb/2023:16:03:37 +0000] "POST /api/user/buy HTTP/1.1" - - "-" "PostmanRuntime/7.30.1"
::1 - - [03/Feb/2023:16:03:49 +0000] "POST /api/user/buy HTTP/1.1" - - "-" "PostmanRuntime/7.30.1"
::1 - - [03/Feb/2023:16:04:10 +0000] "POST /api/user/buy HTTP/1.1" - - "-" "PostmanRuntime/7.30.1"
::1 - - [03/Feb/2023:16:05:39 +0000] "POST /api/user/buy HTTP/1.1" - - "-" "PostmanRuntime/7.30.1"
::1 - - [03/Feb/2023:16:07:17 +0000] "POST /api/user/buy HTTP/1.1" - - "-" "PostmanRuntime/7.30.1"
::1 - - [03/Feb/2023:16:07:25 +0000] "POST /api/user/buy HTTP/1.1" 500 77 "-" "PostmanRuntime/7.30.1"
::1 - - [03/Feb/2023:16:08:04 +0000] "POST /api/user/buy HTTP/1.1" - - "-" "PostmanRuntime/7.30.1"
::1 - - [03/Feb/2023:16:08:19 +0000] "POST /api/user/buy HTTP/1.1" 201 283 "-" "PostmanRuntime/7.30.1"
::1 - - [03/Feb/2023:16:10:18 +0000] "POST /api/user/buy HTTP/1.1" 201 283 "-" "PostmanRuntime/7.30.1"
::1 - - [03/Feb/2023:16:11:18 +0000] "POST /api/user/buy HTTP/1.1" - - "-" "PostmanRuntime/7.30.1"
::1 - - [03/Feb/2023:16:11:52 +0000] "POST /api/user/buy HTTP/1.1" 201 283 "-" "PostmanRuntime/7.30.1"
::1 - - [03/Feb/2023:16:22:54 +0000] "GET /api/fund HTTP/1.1" 201 623 "-" "PostmanRuntime/7.30.1"
::1 - - [03/Feb/2023:16:23:02 +0000] "GET /api/invest HTTP/1.1" 201 320 "-" "PostmanRuntime/7.30.1"
::1 - - [03/Feb/2023:16:23:37 +0000] "PATCH /api/invest HTTP/1.1" 500 53 "-" "PostmanRuntime/7.30.1"
::1 - - [03/Feb/2023:16:23:44 +0000] "GET /api/invest HTTP/1.1" 201 320 "-" "PostmanRuntime/7.30.1"
::1 - - [03/Feb/2023:16:23:52 +0000] "PATCH /api/invest HTTP/1.1" 201 278 "-" "PostmanRuntime/7.30.1"
::1 - - [03/Feb/2023:16:23:57 +0000] "PATCH /api/invest HTTP/1.1" 400 1084 "-" "PostmanRuntime/7.30.1"
::1 - - [03/Feb/2023:16:24:02 +0000] "PATCH /api/invest HTTP/1.1" 201 278 "-" "PostmanRuntime/7.30.1"
::1 - - [03/Feb/2023:16:24:17 +0000] "GET /api/invest HTTP/1.1" 201 320 "-" "PostmanRuntime/7.30.1"
::1 - - [03/Feb/2023:16:24:25 +0000] "POST /api/user/buy HTTP/1.1" 201 283 "-" "PostmanRuntime/7.30.1"
::1 - - [03/Feb/2023:16:24:29 +0000] "GET /api/invest HTTP/1.1" 201 320 "-" "PostmanRuntime/7.30.1"
::1 - - [03/Feb/2023:16:25:35 +0000] "POST /api/user/buy HTTP/1.1" 201 283 "-" "PostmanRuntime/7.30.1"
::1 - - [03/Feb/2023:16:25:40 +0000] "POST /api/user/buy HTTP/1.1" 500 77 "-" "PostmanRuntime/7.30.1"
::1 - - [03/Feb/2023:16:26:04 +0000] "POST /api/user/buy HTTP/1.1" 201 283 "-" "PostmanRuntime/7.30.1"
::1 - - [03/Feb/2023:16:26:08 +0000] "POST /api/user/buy HTTP/1.1" 500 77 "-" "PostmanRuntime/7.30.1"
::1 - - [03/Feb/2023:16:45:38 +0000] "POST /api/user/buy HTTP/1.1" 201 283 "-" "PostmanRuntime/7.30.1"
::1 - - [03/Feb/2023:16:49:52 +0000] "POST /api/user/sell HTTP/1.1" 201 283 "-" "PostmanRuntime/7.30.1"
::1 - - [03/Feb/2023:16:49:54 +0000] "POST /api/user/sell HTTP/1.1" 201 283 "-" "PostmanRuntime/7.30.1"
::1 - - [03/Feb/2023:16:51:11 +0000] "POST /api/user/sell HTTP/1.1" 201 283 "-" "PostmanRuntime/7.30.1"
::1 - - [03/Feb/2023:16:51:13 +0000] "POST /api/user/sell HTTP/1.1" 201 283 "-" "PostmanRuntime/7.30.1"
::1 - - [03/Feb/2023:18:18:17 +0000] "POST /api/user/register-fund HTTP/1.1" 500 310 "-" "PostmanRuntime/7.30.1"
::1 - - [03/Feb/2023:18:18:42 +0000] "POST /api/user/register-fund HTTP/1.1" 201 120 "-" "PostmanRuntime/7.30.1"
::1 - - [03/Feb/2023:18:21:06 +0000] "POST /api/user/register-fund HTTP/1.1" 500 310 "-" "PostmanRuntime/7.30.1"
::1 - - [03/Feb/2023:18:21:27 +0000] "POST /api/user/register-fund HTTP/1.1" 200 292 "-" "PostmanRuntime/7.30.1"
::1 - - [03/Feb/2023:18:23:02 +0000] "POST /api/user/register-fund HTTP/1.1" 500 51 "-" "PostmanRuntime/7.30.1"
::1 - - [03/Feb/2023:18:33:42 +0000] "POST /api/user/sign-up HTTP/1.1" 201 246 "-" "PostmanRuntime/7.30.1"
::1 - - [03/Feb/2023:18:33:54 +0000] "POST /api/user/login HTTP/1.1" 201 488 "-" "PostmanRuntime/7.30.1"
::1 - - [03/Feb/2023:18:35:01 +0000] "GET /api/fund HTTP/1.1" 201 623 "-" "PostmanRuntime/7.30.1"
::1 - - [03/Feb/2023:18:35:16 +0000] "POST /api/user/buy HTTP/1.1" 500 64 "-" "PostmanRuntime/7.30.1"
::1 - - [03/Feb/2023:18:36:27 +0000] "POST /api/user/register-fund HTTP/1.1" 201 120 "-" "PostmanRuntime/7.30.1"
::1 - - [03/Feb/2023:18:36:59 +0000] "POST /api/user/register-fund HTTP/1.1" 500 51 "-" "PostmanRuntime/7.30.1"
::1 - - [03/Feb/2023:18:37:13 +0000] "GET /api/fund HTTP/1.1" 201 623 "-" "PostmanRuntime/7.30.1"
::1 - - [03/Feb/2023:18:38:21 +0000] "POST /api/fund HTTP/1.1" 201 566 "-" "PostmanRuntime/7.30.1"
::1 - - [03/Feb/2023:18:38:35 +0000] "GET /api/fund HTTP/1.1" 201 1162 "-" "PostmanRuntime/7.30.1"
::1 - - [03/Feb/2023:18:39:44 +0000] "PATCH /api/fund HTTP/1.1" 201 567 "-" "PostmanRuntime/7.30.1"
::1 - - [03/Feb/2023:18:39:48 +0000] "PATCH /api/fund HTTP/1.1" 400 1083 "-" "PostmanRuntime/7.30.1"
::1 - - [03/Feb/2023:18:39:53 +0000] "PATCH /api/fund HTTP/1.1" 500 54 "-" "PostmanRuntime/7.30.1"
::1 - - [03/Feb/2023:18:39:59 +0000] "PATCH /api/fund HTTP/1.1" 201 567 "-" "PostmanRuntime/7.30.1"
::1 - - [03/Feb/2023:18:40:06 +0000] "GET /api/invest HTTP/1.1" 201 320 "-" "PostmanRuntime/7.30.1"
::1 - - [03/Feb/2023:18:40:19 +0000] "POST /api/invest HTTP/1.1" 201 279 "-" "PostmanRuntime/7.30.1"
::1 - - [03/Feb/2023:18:40:23 +0000] "POST /api/invest HTTP/1.1" 500 90 "-" "PostmanRuntime/7.30.1"
::1 - - [03/Feb/2023:18:40:38 +0000] "GET /api/invest HTTP/1.1" 201 572 "-" "PostmanRuntime/7.30.1"
::1 - - [03/Feb/2023:18:40:59 +0000] "PATCH /api/invest HTTP/1.1" 500 53 "-" "PostmanRuntime/7.30.1"
::1 - - [03/Feb/2023:18:41:10 +0000] "GET /api/invest HTTP/1.1" 201 572 "-" "PostmanRuntime/7.30.1"
::1 - - [03/Feb/2023:18:41:19 +0000] "PATCH /api/invest HTTP/1.1" 201 278 "-" "PostmanRuntime/7.30.1"
::1 - - [03/Feb/2023:21:38:35 +0000] "POST /api/user/sign-up HTTP/1.1" 201 246 "-" "PostmanRuntime/7.30.1"
::1 - - [03/Feb/2023:21:39:09 +0000] "GET /api/fund HTTP/1.1" 201 1185 "-" "PostmanRuntime/7.30.1"
::1 - - [03/Feb/2023:21:39:32 +0000] "POST /api/user/register-fund HTTP/1.1" 201 120 "-" "PostmanRuntime/7.30.1"
::1 - - [03/Feb/2023:21:47:16 +0000] "POST /api/user/register-fund HTTP/1.1" 201 120 "-" "PostmanRuntime/7.30.1"
::1 - - [03/Feb/2023:21:48:15 +0000] "POST /api/user/login HTTP/1.1" 201 488 "-" "PostmanRuntime/7.30.1"
::1 - - [03/Feb/2023:21:48:52 +0000] "POST /api/user/register-fund HTTP/1.1" 201 120 "-" "PostmanRuntime/7.30.1"
::1 - - [03/Feb/2023:21:52:52 +0000] "POST /api/user/buy HTTP/1.1" 500 248 "-" "PostmanRuntime/7.30.1"
::1 - - [03/Feb/2023:21:53:45 +0000] "POST /api/user/buy HTTP/1.1" 500 248 "-" "PostmanRuntime/7.30.1"
::1 - - [03/Feb/2023:21:54:58 +0000] "POST /api/user/buy HTTP/1.1" 500 248 "-" "PostmanRuntime/7.30.1"
::1 - - [03/Feb/2023:21:58:03 +0000] "POST /api/user/buy HTTP/1.1" 500 51 "-" "PostmanRuntime/7.30.1"
::1 - - [03/Feb/2023:21:58:22 +0000] "POST /api/user/buy HTTP/1.1" 500 46 "-" "PostmanRuntime/7.30.1"
::1 - - [03/Feb/2023:21:58:31 +0000] "POST /api/user/buy HTTP/1.1" 201 120 "-" "PostmanRuntime/7.30.1"
::1 - - [03/Feb/2023:22:06:36 +0000] "POST /api/user/buy HTTP/1.1" 201 120 "-" "PostmanRuntime/7.30.1"
::1 - - [03/Feb/2023:22:06:50 +0000] "POST /api/user/buy HTTP/1.1" 201 120 "-" "PostmanRuntime/7.30.1"
::1 - - [03/Feb/2023:22:08:17 +0000] "POST /api/user/buy HTTP/1.1" 201 120 "-" "PostmanRuntime/7.30.1"
::1 - - [03/Feb/2023:22:08:35 +0000] "POST /api/user/buy HTTP/1.1" 201 120 "-" "PostmanRuntime/7.30.1"
::1 - - [03/Feb/2023:22:09:37 +0000] "POST /api/user/buy HTTP/1.1" 500 104 "-" "PostmanRuntime/7.30.1"
::1 - - [03/Feb/2023:22:10:01 +0000] "POST /api/user/buy HTTP/1.1" 200 561 "-" "PostmanRuntime/7.30.1"
::1 - - [03/Feb/2023:22:10:18 +0000] "POST /api/user/buy HTTP/1.1" 200 2 "-" "PostmanRuntime/7.30.1"
::1 - - [03/Feb/2023:22:10:33 +0000] "POST /api/user/buy HTTP/1.1" 200 88 "-" "PostmanRuntime/7.30.1"
::1 - - [03/Feb/2023:22:11:16 +0000] "POST /api/user/buy HTTP/1.1" 200 88 "-" "PostmanRuntime/7.30.1"
::1 - - [03/Feb/2023:22:11:34 +0000] "POST /api/user/buy HTTP/1.1" 500 104 "-" "PostmanRuntime/7.30.1"
::1 - - [03/Feb/2023:22:12:04 +0000] "POST /api/user/buy HTTP/1.1" 500 104 "-" "PostmanRuntime/7.30.1"
::1 - - [03/Feb/2023:22:13:51 +0000] "POST /api/user/buy HTTP/1.1" 500 77 "-" "PostmanRuntime/7.30.1"
::1 - - [03/Feb/2023:22:13:58 +0000] "POST /api/user/buy HTTP/1.1" 500 104 "-" "PostmanRuntime/7.30.1"
::1 - - [03/Feb/2023:22:14:13 +0000] "POST /api/user/buy HTTP/1.1" 500 104 "-" "PostmanRuntime/7.30.1"
::1 - - [03/Feb/2023:22:18:57 +0000] "POST /api/user/buy HTTP/1.1" 200 88 "-" "PostmanRuntime/7.30.1"
::1 - - [03/Feb/2023:22:19:15 +0000] "POST /api/user/buy HTTP/1.1" 200 - "-" "PostmanRuntime/7.30.1"
::1 - - [03/Feb/2023:22:19:27 +0000] "POST /api/user/buy HTTP/1.1" 200 2 "-" "PostmanRuntime/7.30.1"
::1 - - [03/Feb/2023:22:19:40 +0000] "POST /api/user/buy HTTP/1.1" 200 97 "-" "PostmanRuntime/7.30.1"
::1 - - [03/Feb/2023:22:20:00 +0000] "POST /api/user/buy HTTP/1.1" 200 11 "-" "PostmanRuntime/7.30.1"
::1 - - [03/Feb/2023:22:20:21 +0000] "POST /api/user/buy HTTP/1.1" 201 120 "-" "PostmanRuntime/7.30.1"
::1 - - [03/Feb/2023:22:20:29 +0000] "POST /api/user/buy HTTP/1.1" 201 120 "-" "PostmanRuntime/7.30.1"
::1 - - [03/Feb/2023:22:20:38 +0000] "POST /api/user/buy HTTP/1.1" 201 120 "-" "PostmanRuntime/7.30.1"
::1 - - [03/Feb/2023:22:21:45 +0000] "POST /api/user/buy HTTP/1.1" 201 120 "-" "PostmanRuntime/7.30.1"
::1 - - [03/Feb/2023:22:21:59 +0000] "POST /api/user/buy HTTP/1.1" 201 120 "-" "PostmanRuntime/7.30.1"
::1 - - [03/Feb/2023:22:24:04 +0000] "POST /api/user/buy HTTP/1.1" 500 32 "-" "PostmanRuntime/7.30.1"
::1 - - [03/Feb/2023:22:24:12 +0000] "POST /api/user/buy HTTP/1.1" 500 32 "-" "PostmanRuntime/7.30.1"
::1 - - [03/Feb/2023:22:35:13 +0000] "POST /api/user/buy HTTP/1.1" 500 32 "-" "PostmanRuntime/7.30.1"
::1 - - [03/Feb/2023:22:41:51 +0000] "POST /api/user/buy HTTP/1.1" 500 98 "-" "PostmanRuntime/7.30.1"
::1 - - [03/Feb/2023:22:42:51 +0000] "POST /api/user/buy HTTP/1.1" 500 98 "-" "PostmanRuntime/7.30.1"
::1 - - [03/Feb/2023:22:43:52 +0000] "POST /api/user/buy HTTP/1.1" 500 44 "-" "PostmanRuntime/7.30.1"
::1 - - [03/Feb/2023:22:44:22 +0000] "POST /api/user/buy HTTP/1.1" 500 44 "-" "PostmanRuntime/7.30.1"
::1 - - [03/Feb/2023:22:52:24 +0000] "POST /api/user/buy HTTP/1.1" 500 98 "-" "PostmanRuntime/7.30.1"
::1 - - [03/Feb/2023:22:52:45 +0000] "POST /api/user/buy HTTP/1.1" 500 98 "-" "PostmanRuntime/7.30.1"
::1 - - [03/Feb/2023:22:53:42 +0000] "POST /api/user/buy HTTP/1.1" 200 26 "-" "PostmanRuntime/7.30.1"
::1 - - [03/Feb/2023:22:54:06 +0000] "POST /api/user/buy HTTP/1.1" 500 98 "-" "PostmanRuntime/7.30.1"
::1 - - [03/Feb/2023:23:10:05 +0000] "POST /api/user/buy HTTP/1.1" 500 71 "-" "PostmanRuntime/7.30.1"
::1 - - [03/Feb/2023:23:10:26 +0000] "POST /api/user/buy HTTP/1.1" 200 248 "-" "PostmanRuntime/7.30.1"
::1 - - [03/Feb/2023:23:18:23 +0000] "POST /api/user/buy HTTP/1.1" 201 120 "-" "PostmanRuntime/7.30.1"
::1 - - [03/Feb/2023:23:18:30 +0000] "POST /api/user/buy HTTP/1.1" 201 120 "-" "PostmanRuntime/7.30.1"
::1 - - [03/Feb/2023:23:18:45 +0000] "POST /api/user/buy HTTP/1.1" 201 120 "-" "PostmanRuntime/7.30.1"
::1 - - [03/Feb/2023:23:20:18 +0000] "POST /api/user/buy HTTP/1.1" 201 120 "-" "PostmanRuntime/7.30.1"
::1 - - [03/Feb/2023:23:21:48 +0000] "POST /api/user/buy HTTP/1.1" 201 120 "-" "PostmanRuntime/7.30.1"
::1 - - [03/Feb/2023:23:21:57 +0000] "POST /api/user/buy HTTP/1.1" 201 120 "-" "PostmanRuntime/7.30.1"
::1 - - [03/Feb/2023:23:22:50 +0000] "POST /api/user/buy HTTP/1.1" 500 52 "-" "PostmanRuntime/7.30.1"
::1 - - [03/Feb/2023:23:22:54 +0000] "POST /api/user/buy HTTP/1.1" 201 120 "-" "PostmanRuntime/7.30.1"
::1 - - [03/Feb/2023:23:28:53 +0000] "POST /api/user/buy HTTP/1.1" 500 61 "-" "PostmanRuntime/7.30.1"
::1 - - [03/Feb/2023:23:29:19 +0000] "POST /api/user/buy HTTP/1.1" 201 120 "-" "PostmanRuntime/7.30.1"
::1 - - [03/Feb/2023:23:29:29 +0000] "POST /api/user/buy HTTP/1.1" 201 120 "-" "PostmanRuntime/7.30.1"
::1 - - [03/Feb/2023:23:29:42 +0000] "POST /api/user/buy HTTP/1.1" 201 120 "-" "PostmanRuntime/7.30.1"
::1 - - [03/Feb/2023:23:29:53 +0000] "POST /api/user/buy HTTP/1.1" 201 120 "-" "PostmanRuntime/7.30.1"
::1 - - [03/Feb/2023:23:30:04 +0000] "POST /api/user/buy HTTP/1.1" 201 120 "-" "PostmanRuntime/7.30.1"
::1 - - [03/Feb/2023:23:30:29 +0000] "POST /api/user/register-fund HTTP/1.1" 201 120 "-" "PostmanRuntime/7.30.1"
::1 - - [03/Feb/2023:23:34:24 +0000] "POST /api/user/buy HTTP/1.1" 500 62 "-" "PostmanRuntime/7.30.1"
::1 - - [03/Feb/2023:23:35:58 +0000] "POST /api/user/transaction HTTP/1.1" 500 62 "-" "PostmanRuntime/7.30.1"
::1 - - [03/Feb/2023:23:36:54 +0000] "POST /api/user/transaction HTTP/1.1" 500 2 "-" "PostmanRuntime/7.30.1"
::1 - - [03/Feb/2023:23:37:12 +0000] "POST /api/user/transaction HTTP/1.1" 500 88 "-" "PostmanRuntime/7.30.1"
::1 - - [03/Feb/2023:23:38:13 +0000] "POST /api/user/transaction HTTP/1.1" 500 88 "-" "PostmanRuntime/7.30.1"
::1 - - [03/Feb/2023:23:38:26 +0000] "POST /api/user/transaction HTTP/1.1" 500 88 "-" "PostmanRuntime/7.30.1"
::1 - - [03/Feb/2023:23:39:19 +0000] "POST /api/user/transaction HTTP/1.1" 500 88 "-" "PostmanRuntime/7.30.1"
::1 - - [03/Feb/2023:23:39:53 +0000] "POST /api/user/transaction HTTP/1.1" 200 88 "-" "PostmanRuntime/7.30.1"
::1 - - [03/Feb/2023:23:44:01 +0000] "POST /api/user/transaction HTTP/1.1" 200 88 "-" "PostmanRuntime/7.30.1"
::1 - - [03/Feb/2023:23:44:12 +0000] "POST /api/user/transaction HTTP/1.1" 200 88 "-" "PostmanRuntime/7.30.1"
::1 - - [03/Feb/2023:23:46:03 +0000] "POST /api/user/transaction HTTP/1.1" 201 120 "-" "PostmanRuntime/7.30.1"
::1 - - [03/Feb/2023:23:46:25 +0000] "POST /api/user/transaction HTTP/1.1" 500 62 "-" "PostmanRuntime/7.30.1"
::1 - - [03/Feb/2023:23:46:29 +0000] "POST /api/user/transaction HTTP/1.1" 201 120 "-" "PostmanRuntime/7.30.1"
::1 - - [03/Feb/2023:23:52:30 +0000] "POST /api/fund HTTP/1.1" 500 310 "-" "PostmanRuntime/7.30.1"
::1 - - [03/Feb/2023:23:52:44 +0000] "POST /api/fund HTTP/1.1" 500 310 "-" "PostmanRuntime/7.30.1"
::1 - - [03/Feb/2023:23:52:55 +0000] "GET /api/fund HTTP/1.1" 201 1185 "-" "PostmanRuntime/7.30.1"
::1 - - [03/Feb/2023:23:53:04 +0000] "POST /api/fund HTTP/1.1" 500 310 "-" "PostmanRuntime/7.30.1"
::1 - - [03/Feb/2023:23:54:01 +0000] "POST /api/fund HTTP/1.1" 500 310 "-" "PostmanRuntime/7.30.1"
::1 - - [03/Feb/2023:23:54:44 +0000] "DELETE /api/fund HTTP/1.1" 201 37 "-" "PostmanRuntime/7.30.1"
::1 - - [03/Feb/2023:23:56:43 +0000] "GET /api/invest HTTP/1.1" 201 571 "-" "PostmanRuntime/7.30.1"
::1 - - [03/Feb/2023:23:57:52 +0000] "DELETE /api/fund HTTP/1.1" 201 37 "-" "PostmanRuntime/7.30.1"
::1 - - [03/Feb/2023:23:57:56 +0000] "DELETE /api/fund HTTP/1.1" 201 37 "-" "PostmanRuntime/7.30.1"
::1 - - [03/Feb/2023:23:58:19 +0000] "DELETE /api/fund HTTP/1.1" 201 37 "-" "PostmanRuntime/7.30.1"
::1 - - [03/Feb/2023:23:58:53 +0000] "DELETE /api/fund HTTP/1.1" 201 37 "-" "PostmanRuntime/7.30.1"
::1 - - [03/Feb/2023:23:59:56 +0000] "DELETE /api/fund HTTP/1.1" 201 37 "-" "PostmanRuntime/7.30.1"
::1 - - [04/Feb/2023:00:00:01 +0000] "DELETE /api/fund HTTP/1.1" 201 37 "-" "PostmanRuntime/7.30.1"
::1 - - [04/Feb/2023:00:00:15 +0000] "DELETE /api/fund HTTP/1.1" 201 37 "-" "PostmanRuntime/7.30.1"
::1 - - [04/Feb/2023:00:00:44 +0000] "DELETE /api/fund HTTP/1.1" 201 37 "-" "PostmanRuntime/7.30.1"
::1 - - [04/Feb/2023:00:01:35 +0000] "DELETE /api/fund HTTP/1.1" 201 37 "-" "PostmanRuntime/7.30.1"
::1 - - [04/Feb/2023:00:02:24 +0000] "DELETE /api/fund HTTP/1.1" 201 37 "-" "PostmanRuntime/7.30.1"
::1 - - [04/Feb/2023:00:02:35 +0000] "DELETE /api/fund HTTP/1.1" 201 37 "-" "PostmanRuntime/7.30.1"
::1 - - [04/Feb/2023:00:02:45 +0000] "DELETE /api/fund HTTP/1.1" 201 37 "-" "PostmanRuntime/7.30.1"
::1 - - [04/Feb/2023:00:02:59 +0000] "DELETE /api/fund HTTP/1.1" 201 37 "-" "PostmanRuntime/7.30.1"
::1 - - [04/Feb/2023:00:03:33 +0000] "DELETE /api/invest HTTP/1.1" 201 37 "-" "PostmanRuntime/7.30.1"
::1 - - [04/Feb/2023:00:03:44 +0000] "DELETE /api/invest HTTP/1.1" 201 37 "-" "PostmanRuntime/7.30.1"
::1 - - [04/Feb/2023:00:03:53 +0000] "DELETE /api/invest HTTP/1.1" 201 37 "-" "PostmanRuntime/7.30.1"
::1 - - [04/Feb/2023:00:11:37 +0000] "POST /api/user/sign-up HTTP/1.1" 201 245 "-" "PostmanRuntime/7.30.1"
::1 - - [04/Feb/2023:00:11:47 +0000] "POST /api/user/sign-up HTTP/1.1" 201 247 "-" "PostmanRuntime/7.30.1"
::1 - - [04/Feb/2023:00:12:28 +0000] "POST /api/user/delete HTTP/1.1" 500 48 "-" "PostmanRuntime/7.30.1"
::1 - - [04/Feb/2023:00:13:11 +0000] "POST /api/user/delete HTTP/1.1" 500 48 "-" "PostmanRuntime/7.30.1"
::1 - - [04/Feb/2023:00:13:15 +0000] "POST /api/user/delete HTTP/1.1" 500 48 "-" "PostmanRuntime/7.30.1"
::1 - - [04/Feb/2023:00:13:36 +0000] "POST /api/user/login HTTP/1.1" 201 489 "-" "PostmanRuntime/7.30.1"
::1 - - [04/Feb/2023:00:14:31 +0000] "DELETE /api/user/delete HTTP/1.1" 404 157 "-" "PostmanRuntime/7.30.1"
::1 - - [04/Feb/2023:00:14:56 +0000] "DELETE /api/user/delete HTTP/1.1" 404 157 "-" "PostmanRuntime/7.30.1"
::1 - - [04/Feb/2023:00:15:01 +0000] "DELETE /api/user/delete HTTP/1.1" 404 157 "-" "PostmanRuntime/7.30.1"
::1 - - [04/Feb/2023:00:15:30 +0000] "DELETE /api/user/delete HTTP/1.1" 404 157 "-" "PostmanRuntime/7.30.1"
::1 - - [04/Feb/2023:00:16:11 +0000] "DELETE /api/user/delete HTTP/1.1" 404 157 "-" "PostmanRuntime/7.30.1"
::1 - - [04/Feb/2023:00:16:59 +0000] "DELETE /api/user/delete HTTP/1.1" 404 157 "-" "PostmanRuntime/7.30.1"
::1 - - [04/Feb/2023:00:17:11 +0000] "DELETE /api/user/delete HTTP/1.1" 404 157 "-" "PostmanRuntime/7.30.1"
::1 - - [04/Feb/2023:00:17:29 +0000] "DELETE /api/user/delete HTTP/1.1" 404 157 "-" "PostmanRuntime/7.30.1"
::1 - - [04/Feb/2023:00:17:48 +0000] "DELETE /api/user/63dda2b99d21cde030e6395e HTTP/1.1" 404 175 "-" "PostmanRuntime/7.30.1"
::1 - - [04/Feb/2023:00:17:54 +0000] "DELETE /api/user/63dda2b99d21cde030e6395e HTTP/1.1" 404 175 "-" "PostmanRuntime/7.30.1"
::1 - - [04/Feb/2023:00:18:07 +0000] "DELETE /api/user/63dda2b99d21cde030e6395e HTTP/1.1" 404 175 "-" "PostmanRuntime/7.30.1"
::1 - - [04/Feb/2023:00:19:10 +0000] "DELETE /api/user/delete HTTP/1.1" 404 157 "-" "PostmanRuntime/7.30.1"
::1 - - [04/Feb/2023:00:19:23 +0000] "DELETE /api/user/delete HTTP/1.1" 500 71 "-" "PostmanRuntime/7.30.1"
::1 - - [04/Feb/2023:00:19:35 +0000] "POST /api/user/login HTTP/1.1" 201 489 "-" "PostmanRuntime/7.30.1"
::1 - - [04/Feb/2023:00:19:57 +0000] "DELETE /api/user/delete HTTP/1.1" 500 71 "-" "PostmanRuntime/7.30.1"
::1 - - [04/Feb/2023:00:20:54 +0000] "POST /api/user/login HTTP/1.1" 201 489 "-" "PostmanRuntime/7.30.1"
::1 - - [04/Feb/2023:00:21:18 +0000] "DELETE /api/user/delete HTTP/1.1" 500 71 "-" "PostmanRuntime/7.30.1"
::1 - - [04/Feb/2023:00:22:02 +0000] "DELETE /api/user/delete HTTP/1.1" 201 37 "-" "PostmanRuntime/7.30.1"
::1 - - [04/Feb/2023:00:22:52 +0000] "DELETE /api/user/delete HTTP/1.1" 500 71 "-" "PostmanRuntime/7.30.1"
::1 - - [04/Feb/2023:00:23:15 +0000] "DELETE /api/user/delete HTTP/1.1" 500 71 "-" "PostmanRuntime/7.30.1"
::1 - - [04/Feb/2023:00:23:35 +0000] "POST /api/user/sign-up HTTP/1.1" 201 247 "-" "PostmanRuntime/7.30.1"
::1 - - [04/Feb/2023:00:23:55 +0000] "DELETE /api/user/delete HTTP/1.1" 201 37 "-" "PostmanRuntime/7.30.1"
::1 - - [04/Feb/2023:00:25:26 +0000] "POST /api/fund HTTP/1.1" 201 566 "-" "PostmanRuntime/7.30.1"
::1 - - [04/Feb/2023:00:25:44 +0000] "GET /api/fund HTTP/1.1" 201 608 "-" "PostmanRuntime/7.30.1"
::1 - - [04/Feb/2023:00:29:02 +0000] "GET /api/fund/63dda5f666f517fb1dcedf0c HTTP/1.1" 201 566 "-" "PostmanRuntime/7.30.1"
::1 - - [04/Feb/2023:00:29:10 +0000] "GET /api/fund HTTP/1.1" 201 608 "-" "PostmanRuntime/7.30.1"
::1 - - [04/Feb/2023:00:29:23 +0000] "GET /api/fund/63dda5f666f517fb1dcedf0c HTTP/1.1" 201 566 "-" "PostmanRuntime/7.30.1"
::1 - - [04/Feb/2023:00:40:42 +0000] "GET /api/user HTTP/1.1" 201 320 "-" "PostmanRuntime/7.30.1"
::1 - - [04/Feb/2023:00:41:23 +0000] "POST /api/user/ddd HTTP/1.1" 404 152 "-" "PostmanRuntime/7.30.1"
::1 - - [04/Feb/2023:00:41:39 +0000] "GET /api/user/ddd HTTP/1.1" 500 118 "-" "PostmanRuntime/7.30.1"
::1 - - [04/Feb/2023:00:41:55 +0000] "GET /api/user HTTP/1.1" 201 320 "-" "PostmanRuntime/7.30.1"
::1 - - [04/Feb/2023:00:42:02 +0000] "GET /api/user/63dda587d9a6be832f4732c8 HTTP/1.1" 201 32 "-" "PostmanRuntime/7.30.1"
::1 - - [04/Feb/2023:00:42:49 +0000] "GET /api/user/63dda587d9a6be832f4732c8 HTTP/1.1" 201 32 "-" "PostmanRuntime/7.30.1"
::1 - - [04/Feb/2023:00:43:17 +0000] "GET /api/user/63dda587d9a6be832f4732c8 HTTP/1.1" 201 278 "-" "PostmanRuntime/7.30.1"
::1 - - [04/Feb/2023:00:43:24 +0000] "GET /api/user/63dda587d9a6be832f4732c8 HTTP/1.1" 201 278 "-" "PostmanRuntime/7.30.1"
::1 - - [04/Feb/2023:00:44:44 +0000] "GET /api/fund/63dda5f666f517fb1dcedf0c HTTP/1.1" 201 566 "-" "PostmanRuntime/7.30.1"
::1 - - [04/Feb/2023:00:44:55 +0000] "POST /api/invest HTTP/1.1" 201 279 "-" "PostmanRuntime/7.30.1"
::1 - - [04/Feb/2023:00:45:07 +0000] "PATCH /api/invest HTTP/1.1" 500 53 "-" "PostmanRuntime/7.30.1"
::1 - - [04/Feb/2023:00:45:15 +0000] "GET /api/invest HTTP/1.1" 201 321 "-" "PostmanRuntime/7.30.1"
::1 - - [04/Feb/2023:00:45:22 +0000] "PATCH /api/invest HTTP/1.1" 201 278 "-" "PostmanRuntime/7.30.1"
::1 - - [04/Feb/2023:00:45:30 +0000] "GET /api/invest/63ddaa87c6290cde6088ab93 HTTP/1.1" 201 278 "-" "PostmanRuntime/7.30.1"
::1 - - [04/Feb/2023:00:45:37 +0000] "GET /api/invest HTTP/1.1" 201 320 "-" "PostmanRuntime/7.30.1"
::1 - - [04/Feb/2023:00:48:09 +0000] "POST /api/user/sign-up HTTP/1.1" 500 109 "-" "PostmanRuntime/7.30.1"
::1 - - [04/Feb/2023:00:48:19 +0000] "POST /api/user/sign-up HTTP/1.1" 201 248 "-" "PostmanRuntime/7.30.1"
::1 - - [04/Feb/2023:00:48:22 +0000] "GET /api/user HTTP/1.1" 201 572 "-" "PostmanRuntime/7.30.1"
::1 - - [04/Feb/2023:00:48:26 +0000] "GET /api/user/63dda587d9a6be832f4732c8 HTTP/1.1" 201 278 "-" "PostmanRuntime/7.30.1"
::1 - - [04/Feb/2023:00:50:10 +0000] "GET /api/user HTTP/1.1" 201 572 "-" "PostmanRuntime/7.30.1"
::1 - - [04/Feb/2023:00:50:20 +0000] "POST /api/user/sign-up HTTP/1.1" 201 245 "-" "PostmanRuntime/7.30.1"
::1 - - [04/Feb/2023:00:50:46 +0000] "GET /api/fund HTTP/1.1" 201 630 "-" "PostmanRuntime/7.30.1"
::1 - - [04/Feb/2023:00:51:01 +0000] "POST /api/user/register-fund HTTP/1.1" 201 120 "-" "PostmanRuntime/7.30.1"
::1 - - [04/Feb/2023:00:51:04 +0000] "POST /api/user/register-fund HTTP/1.1" 201 120 "-" "PostmanRuntime/7.30.1"
::1 - - [04/Feb/2023:00:53:35 +0000] "POST /api/user/register-fund HTTP/1.1" 201 120 "-" "PostmanRuntime/7.30.1"
::1 - - [04/Feb/2023:00:54:26 +0000] "POST /api/user/register-fund HTTP/1.1" 200 2 "-" "PostmanRuntime/7.30.1"
::1 - - [04/Feb/2023:00:54:44 +0000] "POST /api/user/register-fund HTTP/1.1" 500 51 "-" "PostmanRuntime/7.30.1"
::1 - - [04/Feb/2023:00:54:54 +0000] "POST /api/user/register-fund HTTP/1.1" 500 51 "-" "PostmanRuntime/7.30.1"
::1 - - [04/Feb/2023:00:55:13 +0000] "POST /api/user/register-fund HTTP/1.1" 500 51 "-" "PostmanRuntime/7.30.1"
::1 - - [04/Feb/2023:00:55:30 +0000] "GET /api/invest HTTP/1.1" 201 320 "-" "PostmanRuntime/7.30.1"
::1 - - [04/Feb/2023:00:55:58 +0000] "POST /api/user/transaction HTTP/1.1" 500 90 "-" "PostmanRuntime/7.30.1"
::1 - - [04/Feb/2023:00:57:58 +0000] "POST /api/user/transaction HTTP/1.1" 500 90 "-" "PostmanRuntime/7.30.1"
::1 - - [04/Feb/2023:00:58:28 +0000] "POST /api/user/transaction HTTP/1.1" 500 4 "-" "PostmanRuntime/7.30.1"
::1 - - [04/Feb/2023:00:59:46 +0000] "POST /api/user/transaction HTTP/1.1" 500 4 "-" "PostmanRuntime/7.30.1"
::1 - - [04/Feb/2023:01:00:24 +0000] "POST /api/user/transaction HTTP/1.1" 500 4 "-" "PostmanRuntime/7.30.1"
::1 - - [04/Feb/2023:01:00:35 +0000] "POST /api/user/transaction HTTP/1.1" 500 44 "-" "PostmanRuntime/7.30.1"
::1 - - [04/Feb/2023:01:01:21 +0000] "POST /api/user/transaction HTTP/1.1" 500 44 "-" "PostmanRuntime/7.30.1"
::1 - - [04/Feb/2023:01:03:43 +0000] "GET /api/user HTTP/1.1" 201 906 "-" "PostmanRuntime/7.30.1"
::1 - - [04/Feb/2023:01:04:22 +0000] "POST /api/user/login HTTP/1.1" 201 572 "-" "PostmanRuntime/7.30.1"
::1 - - [04/Feb/2023:01:04:45 +0000] "POST /api/user/transaction HTTP/1.1" 500 62 "-" "PostmanRuntime/7.30.1"
::1 - - [04/Feb/2023:01:06:29 +0000] "POST /api/user/transaction HTTP/1.1" 500 62 "-" "PostmanRuntime/7.30.1"
::1 - - [04/Feb/2023:01:06:49 +0000] "GET /api/fund HTTP/1.1" 201 630 "-" "PostmanRuntime/7.30.1"
::1 - - [04/Feb/2023:01:46:24 +0000] "GET /api/fund HTTP/1.1" 201 630 "-" "PostmanRuntime/7.30.1"
::1 - - [04/Feb/2023:01:46:29 +0000] "GET /api/fund/63dda5f666f517fb1dcedf0c HTTP/1.1" 201 588 "-" "PostmanRuntime/7.30.1"
